<?xml version="1.0" encoding="UTF-8"?>
<!-- Generated by org.testng.reporters.JUnitXMLReporter -->
<testsuite hostname="Easyway-pc" name="MyTestSuite" tests="4" failures="0" timestamp="30 Jul 2018 04:23:29 GMT" time="141.626" errors="0">
  <testcase name="viewemployeedetails" time="61.473" classname="com.payslipsselenium.mounicaview.View"/>
  <testcase name="viewemployeebankdetails" time="25.842" classname="com.payslipsselenium.mounicaview.View"/>
  <testcase name="viewleavesdeatils" time="28.262" classname="com.payslipsselenium.mounicaview.View"/>
  <testcase name="viewsalarydetails" time="26.007" classname="com.payslipsselenium.mounicaview.View"/>
</testsuite> <!-- MyTestSuite -->
