<?xml version="1.0" encoding="UTF-8"?>
<testng-results skipped="0" failed="0" total="4" passed="4">
  <reporter-output>
  </reporter-output>
  <suite name="Suite" duration-ms="141626" started-at="2018-07-30T04:21:08Z" finished-at="2018-07-30T04:23:29Z">
    <groups>
    </groups>
    <test name="MyTestSuite" duration-ms="141626" started-at="2018-07-30T04:21:08Z" finished-at="2018-07-30T04:23:29Z">
      <class name="com.payslipsselenium.mounicaview.View">
        <test-method status="PASS" signature="init()[pri:0, instance:com.payslipsselenium.mounicaview.View@35fb3008]" name="init" is-config="true" duration-ms="11" started-at="2018-07-30T09:51:08Z" finished-at="2018-07-30T09:51:08Z">
          <reporter-output>
          </reporter-output>
        </test-method> <!-- init -->
        <test-method status="PASS" signature="viewemployeedetails()[pri:0, instance:com.payslipsselenium.mounicaview.View@35fb3008]" name="viewemployeedetails" duration-ms="61473" started-at="2018-07-30T09:51:08Z" finished-at="2018-07-30T09:52:09Z">
          <reporter-output>
          </reporter-output>
        </test-method> <!-- viewemployeedetails -->
        <test-method status="PASS" signature="viewemployeebankdetails()[pri:0, instance:com.payslipsselenium.mounicaview.View@35fb3008]" name="viewemployeebankdetails" duration-ms="25842" started-at="2018-07-30T09:52:09Z" finished-at="2018-07-30T09:52:35Z">
          <reporter-output>
          </reporter-output>
        </test-method> <!-- viewemployeebankdetails -->
        <test-method status="PASS" signature="viewleavesdeatils()[pri:0, instance:com.payslipsselenium.mounicaview.View@35fb3008]" name="viewleavesdeatils" duration-ms="28262" started-at="2018-07-30T09:52:35Z" finished-at="2018-07-30T09:53:03Z">
          <reporter-output>
          </reporter-output>
        </test-method> <!-- viewleavesdeatils -->
        <test-method status="PASS" signature="viewsalarydetails()[pri:0, instance:com.payslipsselenium.mounicaview.View@35fb3008]" name="viewsalarydetails" duration-ms="26007" started-at="2018-07-30T09:53:03Z" finished-at="2018-07-30T09:53:29Z">
          <reporter-output>
          </reporter-output>
        </test-method> <!-- viewsalarydetails -->
      </class> <!-- com.payslipsselenium.mounicaview.View -->
    </test> <!-- MyTestSuite -->
  </suite> <!-- Suite -->
</testng-results>
