<?xml version="1.0" encoding="UTF-8"?>
<testsuite xmlns:xsi="http://www.w3.org/2001/XMLSchema-instance" xsi:noNamespaceSchemaLocation="https://maven.apache.org/surefire/maven-surefire-plugin/xsd/surefire-test-report.xsd" name="TestSuite" time="128.775" tests="4" errors="0" skipped="0" failures="0">
  <properties>
[...]
</properties>
  <testcase name="viewemployeedetails" classname="com.payslipsselenium.mounicaview.View" time="53.254"/>
  <testcase name="viewemployeebankdetails" classname="com.payslipsselenium.mounicaview.View" time="23.293"/>
  <testcase name="viewleavesdeatils" classname="com.payslipsselenium.mounicaview.View" time="24.039"/>
  <testcase name="viewsalarydetails" classname="com.payslipsselenium.mounicaview.View" time="26.983"/>
</testsuite>