<?xml version="1.0" encoding="UTF-8"?>
<testng-results skipped="0" failed="0" total="1" passed="1">
  <reporter-output>
  </reporter-output>
  <suite name="Default suite" duration-ms="17761" started-at="2018-09-19T03:40:12Z" finished-at="2018-09-19T03:40:30Z">
    <groups>
    </groups>
    <test name="Default test" duration-ms="17761" started-at="2018-09-19T03:40:12Z" finished-at="2018-09-19T03:40:30Z">
      <class name="com.payslipsselenium.mounicaview.View">
        <test-method status="PASS" signature="init()[pri:0, instance:com.payslipsselenium.mounicaview.View@29774679]" name="init" is-config="true" duration-ms="16" started-at="2018-09-19T09:10:12Z" finished-at="2018-09-19T09:10:12Z">
          <reporter-output>
          </reporter-output>
        </test-method> <!-- init -->
        <test-method status="PASS" signature="addEmployee()[pri:0, instance:com.payslipsselenium.mounicaview.View@29774679]" name="addEmployee" duration-ms="17721" started-at="2018-09-19T09:10:12Z" finished-at="2018-09-19T09:10:30Z">
          <reporter-output>
          </reporter-output>
        </test-method> <!-- addEmployee -->
      </class> <!-- com.payslipsselenium.mounicaview.View -->
    </test> <!-- Default test -->
  </suite> <!-- Default suite -->
</testng-results>
